Start testing: Jan 05 10:01 CET
----------------------------------------------------------
1/6 Testing: Read_Img
1/6 Test: Read_Img
Command: "/mnt/h/Uni/Semester 5/Algorithm Engineering/algorithm_engineering/project/prettify_test" "1"
Directory: /mnt/h/Uni/Semester 5/Algorithm Engineering/algorithm_engineering/project
"Read_Img" start time: Jan 05 10:01 CET
Output:
----------------------------------------------------------
Reading image test/in.ppm with width 10 and height 10
<end of output>
Test time =   0.36 sec
----------------------------------------------------------
Test Passed.
"Read_Img" end time: Jan 05 10:01 CET
"Read_Img" time elapsed: 00:00:00
----------------------------------------------------------

2/6 Testing: Write_Img
2/6 Test: Write_Img
Command: "/mnt/h/Uni/Semester 5/Algorithm Engineering/algorithm_engineering/project/prettify_test" "2"
Directory: /mnt/h/Uni/Semester 5/Algorithm Engineering/algorithm_engineering/project
"Write_Img" start time: Jan 05 10:01 CET
Output:
----------------------------------------------------------
Reading image test/in.ppm with width 10 and height 10
Writing image test/out.ppm
Reading image test/out.ppm with width 10 and height 10
<end of output>
Test time =   0.18 sec
----------------------------------------------------------
Test Passed.
"Write_Img" end time: Jan 05 10:01 CET
"Write_Img" time elapsed: 00:00:00
----------------------------------------------------------

3/6 Testing: Mean_Filter
3/6 Test: Mean_Filter
Command: "/mnt/h/Uni/Semester 5/Algorithm Engineering/algorithm_engineering/project/prettify_test" "3"
Directory: /mnt/h/Uni/Semester 5/Algorithm Engineering/algorithm_engineering/project
"Mean_Filter" start time: Jan 05 10:01 CET
Output:
----------------------------------------------------------
Reading image test/in.ppm with width 10 and height 10
Applying mean filter with radius 1
Reading image test/out_mean.ppm with width 10 and height 10
<end of output>
Test time =   0.18 sec
----------------------------------------------------------
Test Passed.
"Mean_Filter" end time: Jan 05 10:01 CET
"Mean_Filter" time elapsed: 00:00:00
----------------------------------------------------------

4/6 Testing: Gauss_Filter
4/6 Test: Gauss_Filter
Command: "/mnt/h/Uni/Semester 5/Algorithm Engineering/algorithm_engineering/project/prettify_test" "4"
Directory: /mnt/h/Uni/Semester 5/Algorithm Engineering/algorithm_engineering/project
"Gauss_Filter" start time: Jan 05 10:01 CET
Output:
----------------------------------------------------------
Reading image test/in.ppm with width 10 and height 10
Applying gauss filter with sigma 1
Reading image test/out_gauss.ppm with width 10 and height 10
<end of output>
Test time =   0.18 sec
----------------------------------------------------------
Test Passed.
"Gauss_Filter" end time: Jan 05 10:01 CET
"Gauss_Filter" time elapsed: 00:00:00
----------------------------------------------------------

5/6 Testing: Median_Filter
5/6 Test: Median_Filter
Command: "/mnt/h/Uni/Semester 5/Algorithm Engineering/algorithm_engineering/project/prettify_test" "5"
Directory: /mnt/h/Uni/Semester 5/Algorithm Engineering/algorithm_engineering/project
"Median_Filter" start time: Jan 05 10:01 CET
Output:
----------------------------------------------------------
Reading image test/in.ppm with width 10 and height 10
Applying median filter with radius 1
Reading image test/out_median.ppm with width 10 and height 10
<end of output>
Test time =   0.18 sec
----------------------------------------------------------
Test Passed.
"Median_Filter" end time: Jan 05 10:01 CET
"Median_Filter" time elapsed: 00:00:00
----------------------------------------------------------

6/6 Testing: Threshold_Mean
6/6 Test: Threshold_Mean
Command: "/mnt/h/Uni/Semester 5/Algorithm Engineering/algorithm_engineering/project/prettify_test" "6"
Directory: /mnt/h/Uni/Semester 5/Algorithm Engineering/algorithm_engineering/project
"Threshold_Mean" start time: Jan 05 10:01 CET
Output:
----------------------------------------------------------
Reading image test/in.ppm with width 10 and height 10
Applying adaptive mean threshold with radius 4 and C 10
Reading image test/out_threshold_mean.ppm with width 10 and height 10
<end of output>
Test time =   0.18 sec
----------------------------------------------------------
Test Passed.
"Threshold_Mean" end time: Jan 05 10:01 CET
"Threshold_Mean" time elapsed: 00:00:00
----------------------------------------------------------

End testing: Jan 05 10:01 CET
